<?xml version="1.0" encoding="UTF-8"?>
<testsuite xmlns:xsi="http://www.w3.org/2001/XMLSchema-instance" xsi:noNamespaceSchemaLocation="https://maven.apache.org/surefire/maven-surefire-plugin/xsd/surefire-test-report.xsd" name="tqs.lab2.stocks.StockTest" time="0.019" tests="4" errors="0" skipped="0" failures="0">
  <properties>
    <property name="java.specification.version" value="17"/>
    <property name="sun.jnu.encoding" value="UTF-8"/>
    <property name="java.class.path" value="/home/inryatt/Uni/3ano/TQS/TQS_97880/lab2/ex2_1_Stonks/stocks/target/test-classes:/home/inryatt/Uni/3ano/TQS/TQS_97880/lab2/ex2_1_Stonks/stocks/target/classes:/home/inryatt/.m2/repository/org/junit/jupiter/junit-jupiter-engine/5.7.1/junit-jupiter-engine-5.7.1.jar:/home/inryatt/.m2/repository/org/apiguardian/apiguardian-api/1.1.0/apiguardian-api-1.1.0.jar:/home/inryatt/.m2/repository/org/junit/platform/junit-platform-engine/1.7.1/junit-platform-engine-1.7.1.jar:/home/inryatt/.m2/repository/org/junit/jupiter/junit-jupiter-api/5.7.1/junit-jupiter-api-5.7.1.jar:/home/inryatt/.m2/repository/org/opentest4j/opentest4j/1.2.0/opentest4j-1.2.0.jar:/home/inryatt/.m2/repository/org/junit/platform/junit-platform-commons/1.7.1/junit-platform-commons-1.7.1.jar:/home/inryatt/.m2/repository/org/junit/vintage/junit-vintage-engine/5.7.1/junit-vintage-engine-5.7.1.jar:/home/inryatt/.m2/repository/junit/junit/4.13/junit-4.13.jar:/home/inryatt/.m2/repository/org/hamcrest/hamcrest-core/1.3/hamcrest-core-1.3.jar:/home/inryatt/.m2/repository/org/hamcrest/hamcrest-all/1.3/hamcrest-all-1.3.jar:/home/inryatt/.m2/repository/org/mockito/mockito-core/3.3.3/mockito-core-3.3.3.jar:/home/inryatt/.m2/repository/net/bytebuddy/byte-buddy/1.10.5/byte-buddy-1.10.5.jar:/home/inryatt/.m2/repository/net/bytebuddy/byte-buddy-agent/1.10.5/byte-buddy-agent-1.10.5.jar:/home/inryatt/.m2/repository/org/objenesis/objenesis/2.6/objenesis-2.6.jar:/home/inryatt/.m2/repository/org/mockito/mockito-junit-jupiter/3.3.3/mockito-junit-jupiter-3.3.3.jar:/home/inryatt/.m2/repository/org/apache/httpcomponents/httpclient/4.5.10/httpclient-4.5.10.jar:/home/inryatt/.m2/repository/org/apache/httpcomponents/httpcore/4.4.12/httpcore-4.4.12.jar:/home/inryatt/.m2/repository/commons-logging/commons-logging/1.2/commons-logging-1.2.jar:/home/inryatt/.m2/repository/commons-codec/commons-codec/1.11/commons-codec-1.11.jar:/home/inryatt/.m2/repository/com/googlecode/json-simple/json-simple/1.1.1/json-simple-1.1.1.jar:"/>
    <property name="java.vm.vendor" value="Oracle Corporation"/>
    <property name="sun.arch.data.model" value="64"/>
    <property name="java.vendor.url" value="https://openjdk.java.net/"/>
    <property name="os.name" value="Linux"/>
    <property name="java.vm.specification.version" value="17"/>
    <property name="sun.java.launcher" value="SUN_STANDARD"/>
    <property name="user.country" value="US"/>
    <property name="sun.boot.library.path" value="/usr/lib/jvm/java-17-openjdk/lib"/>
    <property name="sun.java.command" value="/home/inryatt/Uni/3ano/TQS/TQS_97880/lab2/ex2_1_Stonks/stocks/target/surefire/surefirebooter12683937121809479305.jar /home/inryatt/Uni/3ano/TQS/TQS_97880/lab2/ex2_1_Stonks/stocks/target/surefire 2022-03-17T15-49-16_733-jvmRun1 surefire3041679406041860491tmp surefire_04955960558659175997tmp"/>
    <property name="jdk.debug" value="release"/>
    <property name="surefire.test.class.path" value="/home/inryatt/Uni/3ano/TQS/TQS_97880/lab2/ex2_1_Stonks/stocks/target/test-classes:/home/inryatt/Uni/3ano/TQS/TQS_97880/lab2/ex2_1_Stonks/stocks/target/classes:/home/inryatt/.m2/repository/org/junit/jupiter/junit-jupiter-engine/5.7.1/junit-jupiter-engine-5.7.1.jar:/home/inryatt/.m2/repository/org/apiguardian/apiguardian-api/1.1.0/apiguardian-api-1.1.0.jar:/home/inryatt/.m2/repository/org/junit/platform/junit-platform-engine/1.7.1/junit-platform-engine-1.7.1.jar:/home/inryatt/.m2/repository/org/junit/jupiter/junit-jupiter-api/5.7.1/junit-jupiter-api-5.7.1.jar:/home/inryatt/.m2/repository/org/opentest4j/opentest4j/1.2.0/opentest4j-1.2.0.jar:/home/inryatt/.m2/repository/org/junit/platform/junit-platform-commons/1.7.1/junit-platform-commons-1.7.1.jar:/home/inryatt/.m2/repository/org/junit/vintage/junit-vintage-engine/5.7.1/junit-vintage-engine-5.7.1.jar:/home/inryatt/.m2/repository/junit/junit/4.13/junit-4.13.jar:/home/inryatt/.m2/repository/org/hamcrest/hamcrest-core/1.3/hamcrest-core-1.3.jar:/home/inryatt/.m2/repository/org/hamcrest/hamcrest-all/1.3/hamcrest-all-1.3.jar:/home/inryatt/.m2/repository/org/mockito/mockito-core/3.3.3/mockito-core-3.3.3.jar:/home/inryatt/.m2/repository/net/bytebuddy/byte-buddy/1.10.5/byte-buddy-1.10.5.jar:/home/inryatt/.m2/repository/net/bytebuddy/byte-buddy-agent/1.10.5/byte-buddy-agent-1.10.5.jar:/home/inryatt/.m2/repository/org/objenesis/objenesis/2.6/objenesis-2.6.jar:/home/inryatt/.m2/repository/org/mockito/mockito-junit-jupiter/3.3.3/mockito-junit-jupiter-3.3.3.jar:/home/inryatt/.m2/repository/org/apache/httpcomponents/httpclient/4.5.10/httpclient-4.5.10.jar:/home/inryatt/.m2/repository/org/apache/httpcomponents/httpcore/4.4.12/httpcore-4.4.12.jar:/home/inryatt/.m2/repository/commons-logging/commons-logging/1.2/commons-logging-1.2.jar:/home/inryatt/.m2/repository/commons-codec/commons-codec/1.11/commons-codec-1.11.jar:/home/inryatt/.m2/repository/com/googlecode/json-simple/json-simple/1.1.1/json-simple-1.1.1.jar:"/>
    <property name="sun.cpu.endian" value="little"/>
    <property name="user.home" value="/home/inryatt"/>
    <property name="user.language" value="en"/>
    <property name="java.specification.vendor" value="Oracle Corporation"/>
    <property name="java.version.date" value="2022-04-19"/>
    <property name="java.home" value="/usr/lib/jvm/java-17-openjdk"/>
    <property name="file.separator" value="/"/>
    <property name="basedir" value="/home/inryatt/Uni/3ano/TQS/TQS_97880/lab2/ex2_1_Stonks/stocks"/>
    <property name="java.vm.compressedOopsMode" value="32-bit"/>
    <property name="line.separator" value="&#10;"/>
    <property name="java.vm.specification.vendor" value="Oracle Corporation"/>
    <property name="java.specification.name" value="Java Platform API Specification"/>
    <property name="surefire.real.class.path" value="/home/inryatt/Uni/3ano/TQS/TQS_97880/lab2/ex2_1_Stonks/stocks/target/surefire/surefirebooter12683937121809479305.jar"/>
    <property name="sun.management.compiler" value="HotSpot 64-Bit Tiered Compilers"/>
    <property name="java.runtime.version" value="17.0.3+3"/>
    <property name="user.name" value="inryatt"/>
    <property name="path.separator" value=":"/>
    <property name="os.version" value="5.16.12-arch1-1"/>
    <property name="java.runtime.name" value="OpenJDK Runtime Environment"/>
    <property name="file.encoding" value="UTF-8"/>
    <property name="java.vm.name" value="OpenJDK 64-Bit Server VM"/>
    <property name="localRepository" value="/home/inryatt/.m2/repository"/>
    <property name="java.vendor.url.bug" value="https://bugreport.java.com/bugreport/"/>
    <property name="java.io.tmpdir" value="/tmp"/>
    <property name="java.version" value="17.0.3"/>
    <property name="user.dir" value="/home/inryatt/Uni/3ano/TQS/TQS_97880/lab2/ex2_1_Stonks/stocks"/>
    <property name="os.arch" value="amd64"/>
    <property name="java.vm.specification.name" value="Java Virtual Machine Specification"/>
    <property name="native.encoding" value="UTF-8"/>
    <property name="java.library.path" value="/usr/java/packages/lib:/usr/lib64:/lib64:/lib:/usr/lib"/>
    <property name="java.vm.info" value="mixed mode"/>
    <property name="java.vendor" value="N/A"/>
    <property name="java.vm.version" value="17.0.3+3"/>
    <property name="sun.io.unicode.encoding" value="UnicodeLittle"/>
    <property name="java.class.version" value="61.0"/>
  </properties>
  <testcase name="testGetLabel" classname="tqs.lab2.stocks.StockTest" time="0.012"/>
  <testcase name="testSetQuantity" classname="tqs.lab2.stocks.StockTest" time="0.001"/>
  <testcase name="testGeQuantity" classname="tqs.lab2.stocks.StockTest" time="0"/>
  <testcase name="testSetLabel" classname="tqs.lab2.stocks.StockTest" time="0.001"/>
</testsuite>